<?xml version="1.0" encoding="UTF-8"?>
<testng-results skipped="0" failed="1" ignored="0" total="3" passed="2">
  <reporter-output>
    <line>
      <![CDATA[========Browser Session Starting=========]]>
    </line>
    <line>
      <![CDATA[========Application Started==========]]>
    </line>
    <line>
      <![CDATA[========Application Closed Successfully|| Browser Session Ended==========]]>
    </line>
  </reporter-output>
  <suite name="Default suite" duration-ms="59512" started-at="2018-12-20T12:00:37Z" finished-at="2018-12-20T12:01:37Z">
    <groups>
    </groups>
    <test name="Default test" duration-ms="59512" started-at="2018-12-20T12:00:37Z" finished-at="2018-12-20T12:01:37Z">
      <class name="seleniumPractice.SeleniumEasy_TestJavaScriptElerts">
        <test-method status="PASS" signature="setUp()[pri:0, instance:seleniumPractice.SeleniumEasy_TestJavaScriptElerts@5c7fa833]" name="setUp" is-config="true" duration-ms="16758" started-at="2018-12-20T12:00:37Z" finished-at="2018-12-20T12:00:54Z">
          <reporter-output>
            <line>
              <![CDATA[========Browser Session Starting=========]]>
            </line>
            <line>
              <![CDATA[========Application Started==========]]>
            </line>
          </reporter-output>
        </test-method> <!-- setUp -->
        <test-method status="PASS" signature="test01_testAcceptAletBox()[pri:0, instance:seleniumPractice.SeleniumEasy_TestJavaScriptElerts@5c7fa833]" name="test01_testAcceptAletBox" duration-ms="16395" started-at="2018-12-20T12:00:54Z" finished-at="2018-12-20T12:01:11Z">
          <reporter-output>
          </reporter-output>
        </test-method> <!-- test01_testAcceptAletBox -->
        <test-method status="PASS" signature="test02_testCancelAletBox()[pri:0, instance:seleniumPractice.SeleniumEasy_TestJavaScriptElerts@5c7fa833]" name="test02_testCancelAletBox" duration-ms="14517" started-at="2018-12-20T12:01:11Z" finished-at="2018-12-20T12:01:25Z">
          <reporter-output>
          </reporter-output>
        </test-method> <!-- test02_testCancelAletBox -->
        <test-method status="FAIL" signature="test03_testSendMsgTolAletBox()[pri:0, instance:seleniumPractice.SeleniumEasy_TestJavaScriptElerts@5c7fa833]" name="test03_testSendMsgTolAletBox" duration-ms="11075" started-at="2018-12-20T12:01:25Z" finished-at="2018-12-20T12:01:36Z">
          <exception class="org.openqa.selenium.UnhandledAlertException">
            <message>
              <![CDATA[unexpected alert open: {Alert text : Please enter your name}
  (Session info: chrome=71.0.3578.98)
  (Driver info: chromedriver=2.45.615291 (ec3682e3c9061c10f26ea9e5cdcf3c53f3f74387),platform=Windows NT 6.1.7601 SP1 x86_64) (WARNING: The server did not provide any stacktrace information)
Command duration or timeout: 0 milliseconds: null
Build info: version: '3.141.59', revision: 'e82be7d358', time: '2018-11-14T08:25:53'
System info: host: 'A4AIGML16629', ip: '10.235.10.251', os.name: 'Windows 7', os.arch: 'amd64', os.version: '6.1', java.version: '1.8.0_171'
Driver info: org.openqa.selenium.chrome.ChromeDriver
Capabilities {acceptInsecureCerts: false, acceptSslCerts: false, applicationCacheEnabled: false, browserConnectionEnabled: false, browserName: chrome, chrome: {chromedriverVersion: 2.45.615291 (ec3682e3c9061c..., userDataDir: C:\Users\muniyal\AppData\Lo...}, cssSelectorsEnabled: true, databaseEnabled: false, goog:chromeOptions: {debuggerAddress: localhost:56119}, handlesAlerts: true, hasTouchScreen: false, javascriptEnabled: true, locationContextEnabled: true, mobileEmulationEnabled: false, nativeEvents: true, networkConnectionEnabled: false, pageLoadStrategy: normal, platform: XP, platformName: XP, proxy: Proxy(), rotatable: false, setWindowRect: true, strictFileInteractability: false, takesHeapSnapshot: true, takesScreenshot: true, timeouts: {implicit: 0, pageLoad: 300000, script: 30000}, unexpectedAlertBehaviour: ignore, unhandledPromptBehavior: ignore, version: 71.0.3578.98, webStorageEnabled: true}
Session ID: 92fa4f68b35008601b6e8c05726d95d1]]>
            </message>
            <full-stacktrace>
              <![CDATA[org.openqa.selenium.UnhandledAlertException: unexpected alert open: {Alert text : Please enter your name}
  (Session info: chrome=71.0.3578.98)
  (Driver info: chromedriver=2.45.615291 (ec3682e3c9061c10f26ea9e5cdcf3c53f3f74387),platform=Windows NT 6.1.7601 SP1 x86_64) (WARNING: The server did not provide any stacktrace information)
Command duration or timeout: 0 milliseconds: null
Build info: version: '3.141.59', revision: 'e82be7d358', time: '2018-11-14T08:25:53'
System info: host: 'A4AIGML16629', ip: '10.235.10.251', os.name: 'Windows 7', os.arch: 'amd64', os.version: '6.1', java.version: '1.8.0_171'
Driver info: org.openqa.selenium.chrome.ChromeDriver
Capabilities {acceptInsecureCerts: false, acceptSslCerts: false, applicationCacheEnabled: false, browserConnectionEnabled: false, browserName: chrome, chrome: {chromedriverVersion: 2.45.615291 (ec3682e3c9061c..., userDataDir: C:\Users\muniyal\AppData\Lo...}, cssSelectorsEnabled: true, databaseEnabled: false, goog:chromeOptions: {debuggerAddress: localhost:56119}, handlesAlerts: true, hasTouchScreen: false, javascriptEnabled: true, locationContextEnabled: true, mobileEmulationEnabled: false, nativeEvents: true, networkConnectionEnabled: false, pageLoadStrategy: normal, platform: XP, platformName: XP, proxy: Proxy(), rotatable: false, setWindowRect: true, strictFileInteractability: false, takesHeapSnapshot: true, takesScreenshot: true, timeouts: {implicit: 0, pageLoad: 300000, script: 30000}, unexpectedAlertBehaviour: ignore, unhandledPromptBehavior: ignore, version: 71.0.3578.98, webStorageEnabled: true}
Session ID: 92fa4f68b35008601b6e8c05726d95d1
at sun.reflect.NativeConstructorAccessorImpl.newInstance0(Native Method)
at sun.reflect.NativeConstructorAccessorImpl.newInstance(Unknown Source)
at sun.reflect.DelegatingConstructorAccessorImpl.newInstance(Unknown Source)
at java.lang.reflect.Constructor.newInstance(Unknown Source)
at org.openqa.selenium.remote.ErrorHandler.createThrowable(ErrorHandler.java:214)
at org.openqa.selenium.remote.ErrorHandler.throwIfResponseFailed(ErrorHandler.java:172)
at org.openqa.selenium.remote.http.JsonHttpResponseCodec.reconstructValue(JsonHttpResponseCodec.java:40)
at org.openqa.selenium.remote.http.AbstractHttpResponseCodec.decode(AbstractHttpResponseCodec.java:80)
at org.openqa.selenium.remote.http.AbstractHttpResponseCodec.decode(AbstractHttpResponseCodec.java:44)
at org.openqa.selenium.remote.HttpCommandExecutor.execute(HttpCommandExecutor.java:158)
at org.openqa.selenium.remote.service.DriverCommandExecutor.execute(DriverCommandExecutor.java:83)
at org.openqa.selenium.remote.RemoteWebDriver.execute(RemoteWebDriver.java:552)
at org.openqa.selenium.remote.RemoteWebDriver.execute(RemoteWebDriver.java:609)
at org.openqa.selenium.remote.RemoteWebDriver.getScreenshotAs(RemoteWebDriver.java:295)
at seleniumPractice.BaseClass.takeScreenShots(BaseClass.java:48)
at seleniumPractice.SeleniumEasy_TestJavaScriptElerts.test03_testSendMsgTolAletBox(SeleniumEasy_TestJavaScriptElerts.java:91)
at sun.reflect.NativeMethodAccessorImpl.invoke0(Native Method)
at sun.reflect.NativeMethodAccessorImpl.invoke(Unknown Source)
at sun.reflect.DelegatingMethodAccessorImpl.invoke(Unknown Source)
at java.lang.reflect.Method.invoke(Unknown Source)
at org.testng.internal.MethodInvocationHelper.invokeMethod(MethodInvocationHelper.java:124)
at org.testng.internal.Invoker.invokeMethod(Invoker.java:580)
at org.testng.internal.Invoker.invokeTestMethod(Invoker.java:716)
at org.testng.internal.Invoker.invokeTestMethods(Invoker.java:988)
at org.testng.internal.TestMethodWorker.invokeTestMethods(TestMethodWorker.java:125)
at org.testng.internal.TestMethodWorker.run(TestMethodWorker.java:109)
at org.testng.TestRunner.privateRun(TestRunner.java:648)
at org.testng.TestRunner.run(TestRunner.java:505)
at org.testng.SuiteRunner.runTest(SuiteRunner.java:455)
at org.testng.SuiteRunner.runSequentially(SuiteRunner.java:450)
at org.testng.SuiteRunner.privateRun(SuiteRunner.java:415)
at org.testng.SuiteRunner.run(SuiteRunner.java:364)
at org.testng.SuiteRunnerWorker.runSuite(SuiteRunnerWorker.java:52)
at org.testng.SuiteRunnerWorker.run(SuiteRunnerWorker.java:84)
at org.testng.TestNG.runSuitesSequentially(TestNG.java:1208)
at org.testng.TestNG.runSuitesLocally(TestNG.java:1137)
at org.testng.TestNG.runSuites(TestNG.java:1049)
at org.testng.TestNG.run(TestNG.java:1017)
at org.testng.remote.AbstractRemoteTestNG.run(AbstractRemoteTestNG.java:114)
at org.testng.remote.RemoteTestNG.initAndRun(RemoteTestNG.java:251)
at org.testng.remote.RemoteTestNG.main(RemoteTestNG.java:77)
]]>
            </full-stacktrace>
          </exception> <!-- org.openqa.selenium.UnhandledAlertException -->
          <reporter-output>
          </reporter-output>
        </test-method> <!-- test03_testSendMsgTolAletBox -->
        <test-method status="PASS" signature="closeApp()[pri:0, instance:seleniumPractice.SeleniumEasy_TestJavaScriptElerts@5c7fa833]" name="closeApp" is-config="true" duration-ms="739" started-at="2018-12-20T12:01:36Z" finished-at="2018-12-20T12:01:37Z">
          <reporter-output>
            <line>
              <![CDATA[========Application Closed Successfully|| Browser Session Ended==========]]>
            </line>
          </reporter-output>
        </test-method> <!-- closeApp -->
      </class> <!-- seleniumPractice.SeleniumEasy_TestJavaScriptElerts -->
    </test> <!-- Default test -->
  </suite> <!-- Default suite -->
</testng-results>
